<?xml version="1.0" encoding="UTF-8"?>
<testsuite name="StylistTest" tests="5" skipped="0" failures="0" errors="0" timestamp="2016-05-06T17:23:33" hostname="epicodus-92.local" time="0.139">
  <properties/>
  <testcase name="find_returnsStylistCorrectly" classname="StylistTest" time="0.108"/>
  <testcase name="Stylist_instantiatesCorrectly_true" classname="StylistTest" time="0.006"/>
  <testcase name="equals_correctlyCompareStylists" classname="StylistTest" time="0.004"/>
  <testcase name="getName_returnNameCorrectly_Luca" classname="StylistTest" time="0.005"/>
  <testcase name="save_savesStylistCorrectlyInDatabase" classname="StylistTest" time="0.014"/>
  <system-out><![CDATA[]]></system-out>
  <system-err><![CDATA[]]></system-err>
</testsuite>
