<?xml version="1.0" encoding="UTF-8"?>
<testsuite name="ClientTest" tests="9" skipped="0" failures="0" errors="0" timestamp="2016-05-07T00:20:25" hostname="epicodus-92.local" time="0.106">
  <properties/>
  <testcase name="delete_deleteClientCorrectly" classname="ClientTest" time="0.023"/>
  <testcase name="save_savesClientCorrectlyInDatabase" classname="ClientTest" time="0.015"/>
  <testcase name="getStylistId_returnsStylistIdCorrectly_34" classname="ClientTest" time="0.005"/>
  <testcase name="changeName_changeClientNameCorrectly" classname="ClientTest" time="0.019"/>
  <testcase name="equals_correctlyCompareClientsCorrectly_true" classname="ClientTest" time="0.004"/>
  <testcase name="Client_instantiatesCorrectly_true" classname="ClientTest" time="0.004"/>
  <testcase name="find_returnClientByStylistId" classname="ClientTest" time="0.017"/>
  <testcase name="getName_returnNameCorrectly_Mark" classname="ClientTest" time="0.004"/>
  <testcase name="find_returnsClientCorrectly" classname="ClientTest" time="0.013"/>
  <system-out><![CDATA[]]></system-out>
  <system-err><![CDATA[]]></system-err>
</testsuite>
