<?xml version="1.0" encoding="UTF-8"?>
<testsuite name="ClientTest" tests="7" skipped="0" failures="0" errors="0" timestamp="2016-05-06T17:57:44" hostname="epicodus-92.local" time="0.163">
  <properties/>
  <testcase name="findByStylistId" classname="ClientTest" time="0.11"/>
  <testcase name="save_savesClientCorrectlyInDatabase" classname="ClientTest" time="0.016"/>
  <testcase name="getStylistId_returnsStylistIdCorrectly_34" classname="ClientTest" time="0.005"/>
  <testcase name="equals_correctlyCompareClientsCorrectly_true" classname="ClientTest" time="0.005"/>
  <testcase name="Client_instantiatesCorrectly_true" classname="ClientTest" time="0.004"/>
  <testcase name="getName_returnNameCorrectly_Mark" classname="ClientTest" time="0.004"/>
  <testcase name="find_returnsClientCorrectly" classname="ClientTest" time="0.015"/>
  <system-out><![CDATA[]]></system-out>
  <system-err><![CDATA[]]></system-err>
</testsuite>
