<?xml version="1.0" encoding="UTF-8"?>
<testsuite name="StylistTest" tests="7" skipped="0" failures="0" errors="0" timestamp="2016-05-07T17:41:59" hostname="oems-MacBook-Pro.local" time="0.215">
  <properties/>
  <testcase name="equals_correctlyCompareStylists_True" classname="StylistTest" time="0.014"/>
  <testcase name="find_returnsStylistCorrectly" classname="StylistTest" time="0.031"/>
  <testcase name="changeName_changeStylistNameCorrectly" classname="StylistTest" time="0.048"/>
  <testcase name="Stylist_instantiatesCorrectly_true" classname="StylistTest" time="0.012"/>
  <testcase name="getName_returnNameCorrectly_Luca" classname="StylistTest" time="0.025"/>
  <testcase name="delete_deleteStylistCorrectly" classname="StylistTest" time="0.04"/>
  <testcase name="save_savesStylistCorrectlyInDatabase" classname="StylistTest" time="0.035"/>
  <system-out><![CDATA[]]></system-out>
  <system-err><![CDATA[]]></system-err>
</testsuite>
